<?xml version="1.0" encoding="UTF-8"?>
<!-- Generated by org.testng.reporters.JUnitReportReporter -->
<testsuite hostname="Himanshu-PC" failures="0" tests="2" name="TestRunner.Run" time="60.846" errors="0" timestamp="2024-04-05T19:19:33 IST" skipped="0">
  <testcase classname="TestRunner.Run" name="runScenario" time="41.345"/>
  <system-out/>
  <testcase classname="TestRunner.Run" name="runScenario" time="19.501"/>
  <system-out/>
</testsuite> <!-- TestRunner.Run -->
